0 info it worked if it ends with ok
1 verbose cli [ '/home/geekodour/.nvm/versions/node/v6.9.2/bin/node',
1 verbose cli   '/home/geekodour/.nvm/versions/node/v6.9.2/bin/npm',
1 verbose cli   'start' ]
2 info using npm@3.10.10
3 info using node@v6.9.2
4 verbose run-script [ 'prestart', 'start', 'poststart' ]
5 info lifecycle rulesdashboard_schoolbox@0.1.0~prestart: rulesdashboard_schoolbox@0.1.0
6 silly lifecycle rulesdashboard_schoolbox@0.1.0~prestart: no script for prestart, continuing
7 info lifecycle rulesdashboard_schoolbox@0.1.0~start: rulesdashboard_schoolbox@0.1.0
8 verbose lifecycle rulesdashboard_schoolbox@0.1.0~start: unsafe-perm in lifecycle true
9 verbose lifecycle rulesdashboard_schoolbox@0.1.0~start: PATH: /home/geekodour/.config/yarn/global/node_modules/npm/bin/node-gyp-bin:/home/geekodour/OwnProjects/schoolbox/rulesdashboard/node_modules/.bin:/home/geekodour/.cargo/bin:/home/geekodour/bin:/usr/local/bin:/home/geekodour/.nvm/versions/node/v6.9.2/bin:/usr/local/sbin:/usr/local/bin:/usr/bin:/home/geekodour/.local/share/flatpak/exports/bin:/usr/lib/jvm/default/bin:/usr/bin/site_perl:/usr/bin/vendor_perl:/usr/bin/core_perl:/home/geekodour/.local/share/flatpak/exports/bin:/usr/lib/jvm/default/bin:/usr/bin/site_perl:/usr/bin/vendor_perl:/usr/bin/core_perl:/home/geekodour/go/bin
10 verbose lifecycle rulesdashboard_schoolbox@0.1.0~start: CWD: /home/geekodour/OwnProjects/schoolbox/rulesdashboard
11 silly lifecycle rulesdashboard_schoolbox@0.1.0~start: Args: [ '-c', 'npm-run-all -p watch-css start-js' ]
12 silly lifecycle rulesdashboard_schoolbox@0.1.0~start: Returned: code: 1  signal: null
13 info lifecycle rulesdashboard_schoolbox@0.1.0~start: Failed to exec start script
14 verbose stack Error: rulesdashboard_schoolbox@0.1.0 start: `npm-run-all -p watch-css start-js`
14 verbose stack Exit status 1
14 verbose stack     at EventEmitter.<anonymous> (/home/geekodour/.config/yarn/global/node_modules/npm/lib/utils/lifecycle.js:255:16)
14 verbose stack     at emitTwo (events.js:106:13)
14 verbose stack     at EventEmitter.emit (events.js:191:7)
14 verbose stack     at ChildProcess.<anonymous> (/home/geekodour/.config/yarn/global/node_modules/npm/lib/utils/spawn.js:40:14)
14 verbose stack     at emitTwo (events.js:106:13)
14 verbose stack     at ChildProcess.emit (events.js:191:7)
14 verbose stack     at maybeClose (internal/child_process.js:877:16)
14 verbose stack     at Process.ChildProcess._handle.onexit (internal/child_process.js:226:5)
15 verbose pkgid rulesdashboard_schoolbox@0.1.0
16 verbose cwd /home/geekodour/OwnProjects/schoolbox/rulesdashboard
17 error Linux 4.20.13-arch1-1-ARCH
18 error argv "/home/geekodour/.nvm/versions/node/v6.9.2/bin/node" "/home/geekodour/.nvm/versions/node/v6.9.2/bin/npm" "start"
19 error node v6.9.2
20 error npm  v3.10.10
21 error code ELIFECYCLE
22 error rulesdashboard_schoolbox@0.1.0 start: `npm-run-all -p watch-css start-js`
22 error Exit status 1
23 error Failed at the rulesdashboard_schoolbox@0.1.0 start script 'npm-run-all -p watch-css start-js'.
23 error Make sure you have the latest version of node.js and npm installed.
23 error If you do, this is most likely a problem with the rulesdashboard_schoolbox package,
23 error not with npm itself.
23 error Tell the author that this fails on your system:
23 error     npm-run-all -p watch-css start-js
23 error You can get information on how to open an issue for this project with:
23 error     npm bugs rulesdashboard_schoolbox
23 error Or if that isn't available, you can get their info via:
23 error     npm owner ls rulesdashboard_schoolbox
23 error There is likely additional logging output above.
24 verbose exit [ 1, true ]
